<?xml version="1.0" encoding="UTF-8" ?>
<testsuite tests="1" failures="0" name="com.youle.test.TestJasper" time="4.45" errors="1" skipped="0">
  <properties>
[...]
</properties>
  <testcase classname="com.youle.test.TestJasper" name="test01" time="4.45">
    <error message="net.sf.jasperreports.engine.JRException: Error opening input stream from URL: http://www.youle.cn/2018ylgw/images/logo.png." type="net.sf.jasperreports.engine.JRRuntimeException">net.sf.jasperreports.engine.JRRuntimeException: net.sf.jasperreports.engine.JRException: Error opening input stream from URL: http://www.youle.cn/2018ylgw/images/logo.png.
	at net.sf.jasperreports.repo.DefaultRepositoryService.getInputStream(DefaultRepositoryService.java:139)
	at net.sf.jasperreports.repo.InputStreamPersistenceService.load(InputStreamPersistenceService.java:51)
	at net.sf.jasperreports.repo.DefaultRepositoryService.getResource(DefaultRepositoryService.java:196)
	at net.sf.jasperreports.repo.RepositoryUtil.findInputStream(RepositoryUtil.java:195)
	at net.sf.jasperreports.repo.RepositoryUtil.getBytesFromLocation(RepositoryUtil.java:211)
	at net.sf.jasperreports.renderers.util.RendererUtil.getNonLazyRenderable(RendererUtil.java:179)
	at net.sf.jasperreports.engine.fill.JRFillImage.evaluateImage(JRFillImage.java:515)
	at net.sf.jasperreports.engine.fill.JRFillImage.evaluate(JRFillImage.java:440)
	at net.sf.jasperreports.engine.fill.JRFillElementContainer.evaluate(JRFillElementContainer.java:383)
	at net.sf.jasperreports.engine.fill.JRFillBand.evaluate(JRFillBand.java:548)
	at net.sf.jasperreports.engine.fill.JRVerticalFiller.fillTitle(JRVerticalFiller.java:323)
	at net.sf.jasperreports.engine.fill.JRVerticalFiller.fillReportStart(JRVerticalFiller.java:256)
	at net.sf.jasperreports.engine.fill.JRVerticalFiller.fillReport(JRVerticalFiller.java:110)
	at net.sf.jasperreports.engine.fill.JRBaseFiller.fill(JRBaseFiller.java:615)
	at net.sf.jasperreports.engine.fill.BaseReportFiller.fill(BaseReportFiller.java:433)
	at net.sf.jasperreports.engine.fill.JRFiller.fill(JRFiller.java:162)
	at net.sf.jasperreports.engine.JasperFillManager.fill(JasperFillManager.java:651)
	at net.sf.jasperreports.engine.JasperFillManager.fillReport(JasperFillManager.java:1020)
	at com.youle.test.TestJasper.test01(TestJasper.java:37)
	at sun.reflect.NativeMethodAccessorImpl.invoke0(Native Method)
	at sun.reflect.NativeMethodAccessorImpl.invoke(NativeMethodAccessorImpl.java:62)
	at sun.reflect.DelegatingMethodAccessorImpl.invoke(DelegatingMethodAccessorImpl.java:43)
	at java.lang.reflect.Method.invoke(Method.java:498)
	at org.junit.runners.model.FrameworkMethod$1.runReflectiveCall(FrameworkMethod.java:50)
	at org.junit.internal.runners.model.ReflectiveCallable.run(ReflectiveCallable.java:12)
	at org.junit.runners.model.FrameworkMethod.invokeExplosively(FrameworkMethod.java:47)
	at org.junit.internal.runners.statements.InvokeMethod.evaluate(InvokeMethod.java:17)
	at org.junit.runners.ParentRunner.runLeaf(ParentRunner.java:325)
	at org.junit.runners.BlockJUnit4ClassRunner.runChild(BlockJUnit4ClassRunner.java:78)
	at org.junit.runners.BlockJUnit4ClassRunner.runChild(BlockJUnit4ClassRunner.java:57)
	at org.junit.runners.ParentRunner$3.run(ParentRunner.java:290)
	at org.junit.runners.ParentRunner$1.schedule(ParentRunner.java:71)
	at org.junit.runners.ParentRunner.runChildren(ParentRunner.java:288)
	at org.junit.runners.ParentRunner.access$000(ParentRunner.java:58)
	at org.junit.runners.ParentRunner$2.evaluate(ParentRunner.java:268)
	at org.junit.runners.ParentRunner.run(ParentRunner.java:363)
	at org.apache.maven.surefire.junit4.JUnit4Provider.execute(JUnit4Provider.java:252)
	at org.apache.maven.surefire.junit4.JUnit4Provider.executeTestSet(JUnit4Provider.java:141)
	at org.apache.maven.surefire.junit4.JUnit4Provider.invoke(JUnit4Provider.java:112)
	at sun.reflect.NativeMethodAccessorImpl.invoke0(Native Method)
	at sun.reflect.NativeMethodAccessorImpl.invoke(NativeMethodAccessorImpl.java:62)
	at sun.reflect.DelegatingMethodAccessorImpl.invoke(DelegatingMethodAccessorImpl.java:43)
	at java.lang.reflect.Method.invoke(Method.java:498)
	at org.apache.maven.surefire.util.ReflectionUtils.invokeMethodWithArray(ReflectionUtils.java:189)
	at org.apache.maven.surefire.booter.ProviderFactory$ProviderProxy.invoke(ProviderFactory.java:165)
	at org.apache.maven.surefire.booter.ProviderFactory.invokeProvider(ProviderFactory.java:85)
	at org.apache.maven.surefire.booter.ForkedBooter.runSuitesInProcess(ForkedBooter.java:115)
	at org.apache.maven.surefire.booter.ForkedBooter.main(ForkedBooter.java:75)
Caused by: net.sf.jasperreports.engine.JRException: Error opening input stream from URL: http://www.youle.cn/2018ylgw/images/logo.png.
	at net.sf.jasperreports.engine.util.JRLoader.getInputStream(JRLoader.java:343)
	at net.sf.jasperreports.repo.DefaultRepositoryService.getInputStream(DefaultRepositoryService.java:122)
	... 47 more
Caused by: java.io.FileNotFoundException: http://www.youle.cn/2018ylgw/images/logo.png
	at sun.net.www.protocol.http.HttpURLConnection.getInputStream0(HttpURLConnection.java:1890)
	at sun.net.www.protocol.http.HttpURLConnection.getInputStream(HttpURLConnection.java:1492)
	at java.net.URL.openStream(URL.java:1045)
	at net.sf.jasperreports.engine.util.JRLoader.getInputStream(JRLoader.java:339)
	... 48 more
</error>
  </testcase>
</testsuite>